<?xml version="1.0" encoding="UTF-8"?>
<!-- Generated by org.testng.reporters.JUnitReportReporter -->
<testsuite skipped="0" hostname="WINDOWS-CN1QL0J" name="FbTest" tests="1" failures="0" timestamp="19 Jul 2018 13:17:29 GMT" time="647.919" errors="0">
  <testcase name="begin" time="647.919" classname="FbTest"/>
</testsuite> <!-- FbTest -->
